ERROR 2025-10-13 13:37:32,185 myapp login_page Invalid Username or Password views.py
ERROR 2025-10-13 13:45:12,057 myapp login_page Invalid Username or Password views.py
ERROR 2025-10-13 13:47:01,071 myapp login_page Invalid Username or Password views.py
ERROR 2025-10-13 15:44:54,905 myapp login_page Invalid Username or Password views.py
ERROR 2025-10-13 15:45:05,259 myapp login_page Invalid Username or Password views.py
ERROR 2025-10-13 15:59:56,659 myapp login_page Invalid Username or Password views.py
ERROR 2025-10-13 16:43:22,148 myapp update_job Something went wrong: cannot access local variable 'file_name_convert' where it is not associated with a value views.py
Traceback (most recent call last):
  File "D:\Nirmal\app\views.py", line 815, in update_job
    file_name_convert = file_name_convert(files)
                        ^^^^^^^^^^^^^^^^^
UnboundLocalError: cannot access local variable 'file_name_convert' where it is not associated with a value
ERROR 2025-10-13 16:43:39,176 myapp update_job Something went wrong: module 'datetime' has no attribute 'now' views.py
Traceback (most recent call last):
  File "D:\Nirmal\app\views.py", line 815, in update_job
    file_name_converts = file_name_convert(files)
  File "D:\Nirmal\app\utils.py", line 76, in file_name_convert
    new_file_name = f"{datetime.now}_{random_number}{file_extension}"
                       ^^^^^^^^^^^^
AttributeError: module 'datetime' has no attribute 'now'
ERROR 2025-10-13 16:44:09,959 myapp update_job Something went wrong: module 'datetime' has no attribute 'now' views.py
Traceback (most recent call last):
  File "D:\Nirmal\app\views.py", line 815, in update_job
    file_name_converts = file_name_convert(files)
  File "D:\Nirmal\app\utils.py", line 72, in file_name_convert
    date = datetime.now()
           ^^^^^^^^^^^^
AttributeError: module 'datetime' has no attribute 'now'
ERROR 2025-10-13 17:07:32,590 myapp delete_data Something went wrong: Expecting value: line 1 column 1 (char 0) views.py
Traceback (most recent call last):
  File "D:\Nirmal\venv\Lib\site-packages\requests\models.py", line 976, in json
    return complexjson.loads(self.text, **kwargs)
           ~~~~~~~~~~~~~~~~~^^^^^^^^^^^^^^^^^^^^^
  File "D:\Nirmal\venv\Lib\site-packages\simplejson\__init__.py", line 514, in loads
    return _default_decoder.decode(s)
           ~~~~~~~~~~~~~~~~~~~~~~~^^^
  File "D:\Nirmal\venv\Lib\site-packages\simplejson\decoder.py", line 386, in decode
    obj, end = self.raw_decode(s)
               ~~~~~~~~~~~~~~~^^^
  File "D:\Nirmal\venv\Lib\site-packages\simplejson\decoder.py", line 416, in raw_decode
    return self.scan_once(s, idx=_w(s, idx).end())
           ~~~~~~~~~~~~~~^^^^^^^^^^^^^^^^^^^^^^^^^
simplejson.errors.JSONDecodeError: Expecting value: line 1 column 1 (char 0)

During handling of the above exception, another exception occurred:

Traceback (most recent call last):
  File "D:\Nirmal\app\views.py", line 444, in delete_data
    data = response.json()
  File "D:\Nirmal\venv\Lib\site-packages\requests\models.py", line 980, in json
    raise RequestsJSONDecodeError(e.msg, e.doc, e.pos)
requests.exceptions.JSONDecodeError: Expecting value: line 1 column 1 (char 0)
ERROR 2025-10-13 17:07:38,177 myapp delete_data Something went wrong: Expecting value: line 1 column 1 (char 0) views.py
Traceback (most recent call last):
  File "D:\Nirmal\venv\Lib\site-packages\requests\models.py", line 976, in json
    return complexjson.loads(self.text, **kwargs)
           ~~~~~~~~~~~~~~~~~^^^^^^^^^^^^^^^^^^^^^
  File "D:\Nirmal\venv\Lib\site-packages\simplejson\__init__.py", line 514, in loads
    return _default_decoder.decode(s)
           ~~~~~~~~~~~~~~~~~~~~~~~^^^
  File "D:\Nirmal\venv\Lib\site-packages\simplejson\decoder.py", line 386, in decode
    obj, end = self.raw_decode(s)
               ~~~~~~~~~~~~~~~^^^
  File "D:\Nirmal\venv\Lib\site-packages\simplejson\decoder.py", line 416, in raw_decode
    return self.scan_once(s, idx=_w(s, idx).end())
           ~~~~~~~~~~~~~~^^^^^^^^^^^^^^^^^^^^^^^^^
simplejson.errors.JSONDecodeError: Expecting value: line 1 column 1 (char 0)

During handling of the above exception, another exception occurred:

Traceback (most recent call last):
  File "D:\Nirmal\app\views.py", line 444, in delete_data
    data = response.json()
  File "D:\Nirmal\venv\Lib\site-packages\requests\models.py", line 980, in json
    raise RequestsJSONDecodeError(e.msg, e.doc, e.pos)
requests.exceptions.JSONDecodeError: Expecting value: line 1 column 1 (char 0)
ERROR 2025-10-13 17:08:10,045 myapp delete_data Something went wrong: Expecting value: line 1 column 1 (char 0) views.py
Traceback (most recent call last):
  File "D:\Nirmal\venv\Lib\site-packages\requests\models.py", line 976, in json
    return complexjson.loads(self.text, **kwargs)
           ~~~~~~~~~~~~~~~~~^^^^^^^^^^^^^^^^^^^^^
  File "D:\Nirmal\venv\Lib\site-packages\simplejson\__init__.py", line 514, in loads
    return _default_decoder.decode(s)
           ~~~~~~~~~~~~~~~~~~~~~~~^^^
  File "D:\Nirmal\venv\Lib\site-packages\simplejson\decoder.py", line 386, in decode
    obj, end = self.raw_decode(s)
               ~~~~~~~~~~~~~~~^^^
  File "D:\Nirmal\venv\Lib\site-packages\simplejson\decoder.py", line 416, in raw_decode
    return self.scan_once(s, idx=_w(s, idx).end())
           ~~~~~~~~~~~~~~^^^^^^^^^^^^^^^^^^^^^^^^^
simplejson.errors.JSONDecodeError: Expecting value: line 1 column 1 (char 0)

During handling of the above exception, another exception occurred:

Traceback (most recent call last):
  File "D:\Nirmal\app\views.py", line 444, in delete_data
    data = response.json()
  File "D:\Nirmal\venv\Lib\site-packages\requests\models.py", line 980, in json
    raise RequestsJSONDecodeError(e.msg, e.doc, e.pos)
requests.exceptions.JSONDecodeError: Expecting value: line 1 column 1 (char 0)
ERROR 2025-10-13 18:03:19,364 myapp login_page Invalid Username or Password views.py
ERROR 2025-10-13 18:08:32,043 myapp login_page Invalid Username or Password views.py
ERROR 2025-10-13 18:10:35,832 myapp login_page Invalid Username or Password views.py
ERROR 2025-10-13 18:11:06,000 myapp delete_data Something went wrong: Job_detail matching query does not exist. views.py
Traceback (most recent call last):
  File "D:\Nirmal\app\views.py", line 439, in delete_data
    folder_url = Job_detail.objects.values_list("folder_url", flat=True).get(id=delete_id)
  File "D:\Nirmal\venv\Lib\site-packages\django\db\models\query.py", line 633, in get
    raise self.model.DoesNotExist(
        "%s matching query does not exist." % self.model._meta.object_name
    )
app.models.Job_detail.DoesNotExist: Job_detail matching query does not exist.
ERROR 2025-10-13 18:43:37,118 myapp login_page Invalid Username or Password views.py
ERROR 2025-10-13 18:43:46,366 myapp login_page Invalid Username or Password views.py
ERROR 2025-10-13 18:51:53,071 myapp login_page Invalid Username or Password views.py
ERROR 2025-10-13 19:07:37,253 myapp login_page Invalid Username or Password views.py
ERROR 2025-10-13 19:07:43,398 myapp login_page Invalid Username or Password views.py
